<?xml version="1.0" encoding="UTF-8"?>
<!-- Generated by org.testng.reporters.JUnitReportReporter -->
<testsuite skipped="0" hostname="LAPTOP-AVT55FKT" name="revise_maven.revise_maven.AppTest" tests="1" failures="0" timestamp="2021-06-28T23:06:11 AEST" time="2.211" errors="0">
  <testcase name="f1" time="2.211" classname="revise_maven.revise_maven.AppTest"/>
</testsuite> <!-- revise_maven.revise_maven.AppTest -->
